2021-07-05 21:12:35.439 INFO  o.s.b.d.env.DevToolsPropertyDefaultsPostProcessor :225  [32m        [0;39m Devtools property defaults active! Set 'spring.devtools.add-properties' to 'false' to disable
2021-07-05 21:12:35.909 INFO  o.s.c.s.PostProcessorRegistrationDelegate$BeanPostProcessorChecker:330  [32m        [0;39m Bean 'org.springframework.cloud.autoconfigure.ConfigurationPropertiesRebinderAutoConfiguration' of type [org.springframework.cloud.autoconfigure.ConfigurationPropertiesRebinderAutoConfiguration] is not eligible for getting processed by all BeanPostProcessors (for example: not eligible for auto-proxying)
2021-07-05 21:12:36.344 INFO  com.hjc.system.SystemApplication                  :651  [32m        [0;39m No active profile set, falling back to default profiles: default
2021-07-05 21:12:37.324 WARN  org.mybatis.spring.mapper.ClassPathMapperScanner  :166  [32m        [0;39m No MyBatis mapper was found in '[com.hjc.system]' package. Please check your configuration.
2021-07-05 21:12:37.626 INFO  o.springframework.cloud.context.scope.GenericScope:295  [32m        [0;39m BeanFactory id=f454ba2a-e0b0-321a-a153-c33057b225b7
2021-07-05 21:12:37.740 INFO  o.s.c.s.PostProcessorRegistrationDelegate$BeanPostProcessorChecker:330  [32m        [0;39m Bean 'org.springframework.transaction.annotation.ProxyTransactionManagementConfiguration' of type [org.springframework.transaction.annotation.ProxyTransactionManagementConfiguration] is not eligible for getting processed by all BeanPostProcessors (for example: not eligible for auto-proxying)
2021-07-05 21:12:37.777 INFO  o.s.c.s.PostProcessorRegistrationDelegate$BeanPostProcessorChecker:330  [32m        [0;39m Bean 'org.springframework.cloud.autoconfigure.ConfigurationPropertiesRebinderAutoConfiguration' of type [org.springframework.cloud.autoconfigure.ConfigurationPropertiesRebinderAutoConfiguration] is not eligible for getting processed by all BeanPostProcessors (for example: not eligible for auto-proxying)
2021-07-05 21:12:38.245 INFO  o.s.boot.web.embedded.tomcat.TomcatWebServer      :92   [32m        [0;39m Tomcat initialized with port(s): 9001 (http)
2021-07-05 21:12:38.253 INFO  org.apache.coyote.http11.Http11NioProtocol        :173  [32m        [0;39m Initializing ProtocolHandler ["http-nio-9001"]
2021-07-05 21:12:38.254 INFO  org.apache.catalina.core.StandardService          :173  [32m        [0;39m Starting service [Tomcat]
2021-07-05 21:12:38.255 INFO  org.apache.catalina.core.StandardEngine           :173  [32m        [0;39m Starting Servlet engine: [Apache Tomcat/9.0.29]
2021-07-05 21:12:38.349 INFO  o.a.c.c.C.[Tomcat].[localhost].[/system]          :173  [32m        [0;39m Initializing Spring embedded WebApplicationContext
2021-07-05 21:12:38.349 INFO  org.springframework.web.context.ContextLoader     :284  [32m        [0;39m Root WebApplicationContext: initialization completed in 1980 ms
2021-07-05 21:12:38.409 WARN  com.netflix.config.sources.URLConfigurationSource :121  [32m        [0;39m No URLs will be polled as dynamic configuration sources.
2021-07-05 21:12:38.409 INFO  com.netflix.config.sources.URLConfigurationSource :122  [32m        [0;39m To enable URLs as dynamic configuration sources, define System property archaius.configurationSource.additionalUrls or make config.properties available on classpath.
2021-07-05 21:12:38.419 WARN  com.netflix.config.sources.URLConfigurationSource :121  [32m        [0;39m No URLs will be polled as dynamic configuration sources.
2021-07-05 21:12:38.419 INFO  com.netflix.config.sources.URLConfigurationSource :122  [32m        [0;39m To enable URLs as dynamic configuration sources, define System property archaius.configurationSource.additionalUrls or make config.properties available on classpath.
2021-07-05 21:12:38.793 INFO  o.s.scheduling.concurrent.ThreadPoolTaskExecutor  :171  [32m        [0;39m Initializing ExecutorService 'applicationTaskExecutor'
2021-07-05 21:12:39.254 INFO  o.s.b.d.autoconfigure.OptionalLiveReloadServer    :58   [32m        [0;39m LiveReload server is running on port 35729
2021-07-05 21:12:39.351 WARN  o.s.c.l.c.BlockingLoadBalancerClientAutoConfiguration$BlockingLoadBalancerClientRibbonWarnLogger:106  [32m        [0;39m You already have RibbonLoadBalancerClient on your classpath. It will be used by default. As Spring Cloud Ribbon is in maintenance mode. We recommend switching to BlockingLoadBalancerClient instead. In order to use it, set the value of `spring.cloud.loadbalancer.ribbon.enabled` to `false` or remove spring-cloud-starter-netflix-ribbon from your project.
2021-07-05 21:12:39.393 WARN  o.s.c.l.c.LoadBalancerCacheAutoConfiguration$LoadBalancerCaffeineWarnLogger:81   [32m        [0;39m Spring Cloud LoadBalancer is currently working with default default cache. You can switch to using Caffeine cache, by adding it to the classpath.
2021-07-05 21:12:39.466 INFO  o.s.cloud.netflix.eureka.InstanceInfoFactory      :72   [32m        [0;39m Setting initial instance status as: STARTING
2021-07-05 21:12:39.511 INFO  com.netflix.discovery.DiscoveryClient             :365  [32m        [0;39m Initializing Eureka in region us-east-1
2021-07-05 21:12:39.664 INFO  c.n.discovery.provider.DiscoveryJerseyProvider    :70   [32m        [0;39m Using JSON encoding codec LegacyJacksonJson
2021-07-05 21:12:39.665 INFO  c.n.discovery.provider.DiscoveryJerseyProvider    :71   [32m        [0;39m Using JSON decoding codec LegacyJacksonJson
2021-07-05 21:12:39.794 INFO  c.n.discovery.provider.DiscoveryJerseyProvider    :80   [32m        [0;39m Using XML encoding codec XStreamXml
2021-07-05 21:12:39.794 INFO  c.n.discovery.provider.DiscoveryJerseyProvider    :81   [32m        [0;39m Using XML decoding codec XStreamXml
2021-07-05 21:12:39.958 INFO  c.n.d.shared.resolver.aws.ConfigClusterResolver   :43   [32m        [0;39m Resolving eureka endpoints via configuration
2021-07-05 21:12:39.988 INFO  com.netflix.discovery.DiscoveryClient             :976  [32m        [0;39m Disable delta property : false
2021-07-05 21:12:39.988 INFO  com.netflix.discovery.DiscoveryClient             :977  [32m        [0;39m Single vip registry refresh property : null
2021-07-05 21:12:39.989 INFO  com.netflix.discovery.DiscoveryClient             :978  [32m        [0;39m Force full registry fetch : false
2021-07-05 21:12:39.989 INFO  com.netflix.discovery.DiscoveryClient             :979  [32m        [0;39m Application is null : false
2021-07-05 21:12:39.989 INFO  com.netflix.discovery.DiscoveryClient             :980  [32m        [0;39m Registered Applications size is zero : true
2021-07-05 21:12:39.989 INFO  com.netflix.discovery.DiscoveryClient             :982  [32m        [0;39m Application version is -1: true
2021-07-05 21:12:39.990 INFO  com.netflix.discovery.DiscoveryClient             :1065 [32m        [0;39m Getting all instance registry info from the eureka server
2021-07-05 21:12:40.346 INFO  com.netflix.discovery.DiscoveryClient             :1074 [32m        [0;39m The response status is 200
2021-07-05 21:12:40.349 INFO  com.netflix.discovery.DiscoveryClient             :1288 [32m        [0;39m Starting heartbeat executor: renew interval is: 30
2021-07-05 21:12:40.351 INFO  com.netflix.discovery.InstanceInfoReplicator      :60   [32m        [0;39m InstanceInfoReplicator onDemand update allowed rate per min is 4
2021-07-05 21:12:40.355 INFO  com.netflix.discovery.DiscoveryClient             :465  [32m        [0;39m Discovery Client initialized at timestamp 1625490760354 with initial instances count: 0
2021-07-05 21:12:40.357 INFO  o.s.c.n.e.serviceregistry.EurekaServiceRegistry   :41   [32m        [0;39m Registering application SYSTEM with eureka with status UP
2021-07-05 21:12:40.358 INFO  com.netflix.discovery.DiscoveryClient             :1323 [32m        [0;39m Saw local status change event StatusChangeEvent [timestamp=1625490760358, current=UP, previous=STARTING]
2021-07-05 21:12:40.360 INFO  com.netflix.discovery.DiscoveryClient             :844  [32m        [0;39m DiscoveryClient_SYSTEM/192.168.0.104:system:9001: registering service...
2021-07-05 21:12:40.379 INFO  org.apache.coyote.http11.Http11NioProtocol        :173  [32m        [0;39m Starting ProtocolHandler ["http-nio-9001"]
2021-07-05 21:12:40.436 INFO  o.s.boot.web.embedded.tomcat.TomcatWebServer      :204  [32m        [0;39m Tomcat started on port(s): 9001 (http) with context path '/system'
2021-07-05 21:12:40.438 INFO  o.s.c.n.e.s.EurekaAutoServiceRegistration         :145  [32m        [0;39m Updating port to 9001
2021-07-05 21:12:40.446 INFO  com.hjc.system.SystemApplication                  :61   [32m        [0;39m Started SystemApplication in 6.003 seconds (JVM running for 7.546)
2021-07-05 21:12:40.449 INFO  com.hjc.system.SystemApplication                  :19   [32m        [0;39m 启动成功！！
2021-07-05 21:12:40.450 INFO  com.hjc.system.SystemApplication                  :20   [32m        [0;39m System地址: 	http://127.0.0.1:9001
2021-07-05 21:12:40.482 INFO  com.netflix.discovery.DiscoveryClient             :853  [32m        [0;39m DiscoveryClient_SYSTEM/192.168.0.104:system:9001 - registration status: 204
2021-07-05 21:13:10.354 INFO  com.netflix.discovery.DiscoveryClient             :976  [32m        [0;39m Disable delta property : false
2021-07-05 21:13:10.355 INFO  com.netflix.discovery.DiscoveryClient             :977  [32m        [0;39m Single vip registry refresh property : null
2021-07-05 21:13:10.355 INFO  com.netflix.discovery.DiscoveryClient             :978  [32m        [0;39m Force full registry fetch : false
2021-07-05 21:13:10.355 INFO  com.netflix.discovery.DiscoveryClient             :979  [32m        [0;39m Application is null : false
2021-07-05 21:13:10.356 INFO  com.netflix.discovery.DiscoveryClient             :980  [32m        [0;39m Registered Applications size is zero : true
2021-07-05 21:13:10.356 INFO  com.netflix.discovery.DiscoveryClient             :982  [32m        [0;39m Application version is -1: false
2021-07-05 21:13:10.356 INFO  com.netflix.discovery.DiscoveryClient             :1065 [32m        [0;39m Getting all instance registry info from the eureka server
2021-07-05 21:13:10.406 INFO  com.netflix.discovery.DiscoveryClient             :1074 [32m        [0;39m The response status is 200
2021-07-05 21:16:55.425 INFO  o.s.c.n.e.serviceregistry.EurekaServiceRegistry   :65   [32m        [0;39m Unregistering application SYSTEM with eureka with status DOWN
2021-07-05 21:16:55.426 WARN  com.netflix.discovery.DiscoveryClient             :1321 [32m        [0;39m Saw local status change event StatusChangeEvent [timestamp=1625491015426, current=DOWN, previous=UP]
2021-07-05 21:16:55.428 INFO  com.netflix.discovery.DiscoveryClient             :844  [32m        [0;39m DiscoveryClient_SYSTEM/192.168.0.104:system:9001: registering service...
2021-07-05 21:16:55.439 INFO  com.netflix.discovery.DiscoveryClient             :853  [32m        [0;39m DiscoveryClient_SYSTEM/192.168.0.104:system:9001 - registration status: 204
2021-07-05 21:16:55.439 INFO  o.s.scheduling.concurrent.ThreadPoolTaskExecutor  :208  [32m        [0;39m Shutting down ExecutorService 'applicationTaskExecutor'
2021-07-05 21:16:55.442 INFO  com.netflix.discovery.DiscoveryClient             :906  [32m        [0;39m Shutting down DiscoveryClient ...
2021-07-05 21:16:58.443 INFO  com.netflix.discovery.DiscoveryClient             :940  [32m        [0;39m Unregistering ...
2021-07-05 21:16:58.452 INFO  com.netflix.discovery.DiscoveryClient             :942  [32m        [0;39m DiscoveryClient_SYSTEM/192.168.0.104:system:9001 - deregister  status: 200
2021-07-05 21:16:58.464 INFO  com.netflix.discovery.DiscoveryClient             :929  [32m        [0;39m Completed shut down of DiscoveryClient
