2021-07-01 21:23:14.876 INFO  o.s.b.d.env.DevToolsPropertyDefaultsPostProcessor :225  [32m        [0;39m Devtools property defaults active! Set 'spring.devtools.add-properties' to 'false' to disable
2021-07-01 21:23:17.781 INFO  o.s.c.s.PostProcessorRegistrationDelegate$BeanPostProcessorChecker:330  [32m        [0;39m Bean 'org.springframework.cloud.autoconfigure.ConfigurationPropertiesRebinderAutoConfiguration' of type [org.springframework.cloud.autoconfigure.ConfigurationPropertiesRebinderAutoConfiguration] is not eligible for getting processed by all BeanPostProcessors (for example: not eligible for auto-proxying)
2021-07-01 21:23:19.630 INFO  com.hjc.system.SystemApplication                  :651  [32m        [0;39m No active profile set, falling back to default profiles: default
2021-07-01 21:23:26.491 INFO  o.springframework.cloud.context.scope.GenericScope:295  [32m        [0;39m BeanFactory id=83783a62-a3a1-3f95-8c7d-90a7f880d2b2
2021-07-01 21:23:28.418 INFO  o.s.c.s.PostProcessorRegistrationDelegate$BeanPostProcessorChecker:330  [32m        [0;39m Bean 'org.springframework.cloud.autoconfigure.ConfigurationPropertiesRebinderAutoConfiguration' of type [org.springframework.cloud.autoconfigure.ConfigurationPropertiesRebinderAutoConfiguration] is not eligible for getting processed by all BeanPostProcessors (for example: not eligible for auto-proxying)
2021-07-01 21:23:31.124 INFO  o.s.boot.web.embedded.tomcat.TomcatWebServer      :92   [32m        [0;39m Tomcat initialized with port(s): 9001 (http)
2021-07-01 21:23:31.159 INFO  org.apache.coyote.http11.Http11NioProtocol        :173  [32m        [0;39m Initializing ProtocolHandler ["http-nio-9001"]
2021-07-01 21:23:31.182 INFO  org.apache.catalina.core.StandardService          :173  [32m        [0;39m Starting service [Tomcat]
2021-07-01 21:23:31.185 INFO  org.apache.catalina.core.StandardEngine           :173  [32m        [0;39m Starting Servlet engine: [Apache Tomcat/9.0.29]
2021-07-01 21:23:32.285 INFO  o.a.c.core.ContainerBase.[Tomcat].[localhost].[/] :173  [32m        [0;39m Initializing Spring embedded WebApplicationContext
2021-07-01 21:23:32.286 INFO  org.springframework.web.context.ContextLoader     :284  [32m        [0;39m Root WebApplicationContext: initialization completed in 12501 ms
2021-07-01 21:23:32.775 WARN  com.netflix.config.sources.URLConfigurationSource :121  [32m        [0;39m No URLs will be polled as dynamic configuration sources.
2021-07-01 21:23:32.777 INFO  com.netflix.config.sources.URLConfigurationSource :122  [32m        [0;39m To enable URLs as dynamic configuration sources, define System property archaius.configurationSource.additionalUrls or make config.properties available on classpath.
2021-07-01 21:23:32.803 WARN  com.netflix.config.sources.URLConfigurationSource :121  [32m        [0;39m No URLs will be polled as dynamic configuration sources.
2021-07-01 21:23:32.805 INFO  com.netflix.config.sources.URLConfigurationSource :122  [32m        [0;39m To enable URLs as dynamic configuration sources, define System property archaius.configurationSource.additionalUrls or make config.properties available on classpath.
2021-07-01 21:23:34.626 INFO  o.s.scheduling.concurrent.ThreadPoolTaskExecutor  :171  [32m        [0;39m Initializing ExecutorService 'applicationTaskExecutor'
2021-07-01 21:23:35.683 INFO  o.s.b.d.autoconfigure.OptionalLiveReloadServer    :58   [32m        [0;39m LiveReload server is running on port 35729
2021-07-01 21:23:35.939 WARN  o.s.c.l.c.BlockingLoadBalancerClientAutoConfiguration$BlockingLoadBalancerClientRibbonWarnLogger:106  [32m        [0;39m You already have RibbonLoadBalancerClient on your classpath. It will be used by default. As Spring Cloud Ribbon is in maintenance mode. We recommend switching to BlockingLoadBalancerClient instead. In order to use it, set the value of `spring.cloud.loadbalancer.ribbon.enabled` to `false` or remove spring-cloud-starter-netflix-ribbon from your project.
2021-07-01 21:23:36.024 WARN  o.s.c.l.c.LoadBalancerCacheAutoConfiguration$LoadBalancerCaffeineWarnLogger:81   [32m        [0;39m Spring Cloud LoadBalancer is currently working with default default cache. You can switch to using Caffeine cache, by adding it to the classpath.
2021-07-01 21:23:36.195 INFO  o.s.cloud.netflix.eureka.InstanceInfoFactory      :72   [32m        [0;39m Setting initial instance status as: STARTING
2021-07-01 21:23:36.248 INFO  com.netflix.discovery.DiscoveryClient             :365  [32m        [0;39m Initializing Eureka in region us-east-1
2021-07-01 21:23:36.537 INFO  c.n.discovery.provider.DiscoveryJerseyProvider    :70   [32m        [0;39m Using JSON encoding codec LegacyJacksonJson
2021-07-01 21:23:36.538 INFO  c.n.discovery.provider.DiscoveryJerseyProvider    :71   [32m        [0;39m Using JSON decoding codec LegacyJacksonJson
2021-07-01 21:23:36.692 INFO  c.n.discovery.provider.DiscoveryJerseyProvider    :80   [32m        [0;39m Using XML encoding codec XStreamXml
2021-07-01 21:23:36.692 INFO  c.n.discovery.provider.DiscoveryJerseyProvider    :81   [32m        [0;39m Using XML decoding codec XStreamXml
2021-07-01 21:23:36.919 INFO  c.n.d.shared.resolver.aws.ConfigClusterResolver   :43   [32m        [0;39m Resolving eureka endpoints via configuration
2021-07-01 21:23:36.945 INFO  com.netflix.discovery.DiscoveryClient             :976  [32m        [0;39m Disable delta property : false
2021-07-01 21:23:36.946 INFO  com.netflix.discovery.DiscoveryClient             :977  [32m        [0;39m Single vip registry refresh property : null
2021-07-01 21:23:36.946 INFO  com.netflix.discovery.DiscoveryClient             :978  [32m        [0;39m Force full registry fetch : false
2021-07-01 21:23:36.947 INFO  com.netflix.discovery.DiscoveryClient             :979  [32m        [0;39m Application is null : false
2021-07-01 21:23:36.948 INFO  com.netflix.discovery.DiscoveryClient             :980  [32m        [0;39m Registered Applications size is zero : true
2021-07-01 21:23:36.948 INFO  com.netflix.discovery.DiscoveryClient             :982  [32m        [0;39m Application version is -1: true
2021-07-01 21:23:36.948 INFO  com.netflix.discovery.DiscoveryClient             :1065 [32m        [0;39m Getting all instance registry info from the eureka server
2021-07-01 21:23:37.318 INFO  com.netflix.discovery.DiscoveryClient             :1074 [32m        [0;39m The response status is 200
2021-07-01 21:23:37.320 INFO  com.netflix.discovery.DiscoveryClient             :1288 [32m        [0;39m Starting heartbeat executor: renew interval is: 30
2021-07-01 21:23:37.322 INFO  com.netflix.discovery.InstanceInfoReplicator      :60   [32m        [0;39m InstanceInfoReplicator onDemand update allowed rate per min is 4
2021-07-01 21:23:37.328 INFO  com.netflix.discovery.DiscoveryClient             :465  [32m        [0;39m Discovery Client initialized at timestamp 1625145817326 with initial instances count: 0
2021-07-01 21:23:37.331 INFO  o.s.c.n.e.serviceregistry.EurekaServiceRegistry   :41   [32m        [0;39m Registering application SYSTEM with eureka with status UP
2021-07-01 21:23:37.333 INFO  com.netflix.discovery.DiscoveryClient             :1323 [32m        [0;39m Saw local status change event StatusChangeEvent [timestamp=1625145817333, current=UP, previous=STARTING]
2021-07-01 21:23:37.338 INFO  com.netflix.discovery.DiscoveryClient             :844  [32m        [0;39m DiscoveryClient_SYSTEM/192.168.0.104:system:9001: registering service...
2021-07-01 21:23:37.367 INFO  org.apache.coyote.http11.Http11NioProtocol        :173  [32m        [0;39m Starting ProtocolHandler ["http-nio-9001"]
2021-07-01 21:23:37.467 INFO  o.s.boot.web.embedded.tomcat.TomcatWebServer      :204  [32m        [0;39m Tomcat started on port(s): 9001 (http) with context path ''
2021-07-01 21:23:37.469 INFO  o.s.c.n.e.s.EurekaAutoServiceRegistration         :145  [32m        [0;39m Updating port to 9001
2021-07-01 21:23:37.558 INFO  com.hjc.system.SystemApplication                  :61   [32m        [0;39m Started SystemApplication in 26.649 seconds (JVM running for 31.031)
2021-07-01 21:23:37.574 INFO  com.hjc.system.SystemApplication                  :19   [32m        [0;39m 启动成功！！
2021-07-01 21:23:37.584 INFO  com.hjc.system.SystemApplication                  :20   [32m        [0;39m System地址: 	http://127.0.0.1:9001
2021-07-01 21:23:37.662 INFO  com.netflix.discovery.DiscoveryClient             :853  [32m        [0;39m DiscoveryClient_SYSTEM/192.168.0.104:system:9001 - registration status: 204
2021-07-01 21:24:07.326 INFO  com.netflix.discovery.DiscoveryClient             :976  [32m        [0;39m Disable delta property : false
2021-07-01 21:24:07.327 INFO  com.netflix.discovery.DiscoveryClient             :977  [32m        [0;39m Single vip registry refresh property : null
2021-07-01 21:24:07.328 INFO  com.netflix.discovery.DiscoveryClient             :978  [32m        [0;39m Force full registry fetch : false
2021-07-01 21:24:07.329 INFO  com.netflix.discovery.DiscoveryClient             :979  [32m        [0;39m Application is null : false
2021-07-01 21:24:07.329 INFO  com.netflix.discovery.DiscoveryClient             :980  [32m        [0;39m Registered Applications size is zero : true
2021-07-01 21:24:07.329 INFO  com.netflix.discovery.DiscoveryClient             :982  [32m        [0;39m Application version is -1: false
2021-07-01 21:24:07.330 INFO  com.netflix.discovery.DiscoveryClient             :1065 [32m        [0;39m Getting all instance registry info from the eureka server
2021-07-01 21:24:07.373 INFO  com.netflix.discovery.DiscoveryClient             :1074 [32m        [0;39m The response status is 200
2021-07-01 21:28:36.966 INFO  c.n.d.shared.resolver.aws.ConfigClusterResolver   :43   [32m        [0;39m Resolving eureka endpoints via configuration
2021-07-01 21:32:27.578 INFO  o.s.c.n.e.serviceregistry.EurekaServiceRegistry   :65   [32m        [0;39m Unregistering application SYSTEM with eureka with status DOWN
2021-07-01 21:32:27.579 WARN  com.netflix.discovery.DiscoveryClient             :1321 [32m        [0;39m Saw local status change event StatusChangeEvent [timestamp=1625146347579, current=DOWN, previous=UP]
2021-07-01 21:32:27.584 INFO  com.netflix.discovery.DiscoveryClient             :844  [32m        [0;39m DiscoveryClient_SYSTEM/192.168.0.104:system:9001: registering service...
2021-07-01 21:32:27.618 INFO  com.netflix.discovery.DiscoveryClient             :853  [32m        [0;39m DiscoveryClient_SYSTEM/192.168.0.104:system:9001 - registration status: 204
2021-07-01 21:32:27.647 INFO  o.s.scheduling.concurrent.ThreadPoolTaskExecutor  :208  [32m        [0;39m Shutting down ExecutorService 'applicationTaskExecutor'
2021-07-01 21:32:27.656 INFO  com.netflix.discovery.DiscoveryClient             :906  [32m        [0;39m Shutting down DiscoveryClient ...
2021-07-01 21:32:30.658 INFO  com.netflix.discovery.DiscoveryClient             :940  [32m        [0;39m Unregistering ...
2021-07-01 21:32:30.678 INFO  com.netflix.discovery.DiscoveryClient             :942  [32m        [0;39m DiscoveryClient_SYSTEM/192.168.0.104:system:9001 - deregister  status: 200
2021-07-01 21:32:30.697 INFO  com.netflix.discovery.DiscoveryClient             :929  [32m        [0;39m Completed shut down of DiscoveryClient
2021-07-01 21:32:53.027 INFO  o.s.b.d.env.DevToolsPropertyDefaultsPostProcessor :225  [32m        [0;39m Devtools property defaults active! Set 'spring.devtools.add-properties' to 'false' to disable
2021-07-01 21:32:56.459 INFO  o.s.c.s.PostProcessorRegistrationDelegate$BeanPostProcessorChecker:330  [32m        [0;39m Bean 'org.springframework.cloud.autoconfigure.ConfigurationPropertiesRebinderAutoConfiguration' of type [org.springframework.cloud.autoconfigure.ConfigurationPropertiesRebinderAutoConfiguration] is not eligible for getting processed by all BeanPostProcessors (for example: not eligible for auto-proxying)
2021-07-01 21:32:58.362 INFO  com.hjc.system.SystemApplication                  :651  [32m        [0;39m No active profile set, falling back to default profiles: default
2021-07-01 21:33:04.230 INFO  o.springframework.cloud.context.scope.GenericScope:295  [32m        [0;39m BeanFactory id=2c2d4b72-ffc9-3338-b5d1-aebf6a8add31
2021-07-01 21:33:05.266 INFO  o.s.c.s.PostProcessorRegistrationDelegate$BeanPostProcessorChecker:330  [32m        [0;39m Bean 'org.springframework.cloud.autoconfigure.ConfigurationPropertiesRebinderAutoConfiguration' of type [org.springframework.cloud.autoconfigure.ConfigurationPropertiesRebinderAutoConfiguration] is not eligible for getting processed by all BeanPostProcessors (for example: not eligible for auto-proxying)
2021-07-01 21:33:07.940 INFO  o.s.boot.web.embedded.tomcat.TomcatWebServer      :92   [32m        [0;39m Tomcat initialized with port(s): 9001 (http)
2021-07-01 21:33:07.966 INFO  org.apache.coyote.http11.Http11NioProtocol        :173  [32m        [0;39m Initializing ProtocolHandler ["http-nio-9001"]
2021-07-01 21:33:07.967 INFO  org.apache.catalina.core.StandardService          :173  [32m        [0;39m Starting service [Tomcat]
2021-07-01 21:33:07.968 INFO  org.apache.catalina.core.StandardEngine           :173  [32m        [0;39m Starting Servlet engine: [Apache Tomcat/9.0.29]
2021-07-01 21:33:08.240 INFO  o.a.c.core.ContainerBase.[Tomcat].[localhost].[/] :173  [32m        [0;39m Initializing Spring embedded WebApplicationContext
2021-07-01 21:33:08.243 INFO  org.springframework.web.context.ContextLoader     :284  [32m        [0;39m Root WebApplicationContext: initialization completed in 9713 ms
2021-07-01 21:33:08.541 WARN  com.netflix.config.sources.URLConfigurationSource :121  [32m        [0;39m No URLs will be polled as dynamic configuration sources.
2021-07-01 21:33:08.541 INFO  com.netflix.config.sources.URLConfigurationSource :122  [32m        [0;39m To enable URLs as dynamic configuration sources, define System property archaius.configurationSource.additionalUrls or make config.properties available on classpath.
2021-07-01 21:33:08.573 WARN  com.netflix.config.sources.URLConfigurationSource :121  [32m        [0;39m No URLs will be polled as dynamic configuration sources.
2021-07-01 21:33:08.574 INFO  com.netflix.config.sources.URLConfigurationSource :122  [32m        [0;39m To enable URLs as dynamic configuration sources, define System property archaius.configurationSource.additionalUrls or make config.properties available on classpath.
2021-07-01 21:33:09.149 INFO  o.s.scheduling.concurrent.ThreadPoolTaskExecutor  :171  [32m        [0;39m Initializing ExecutorService 'applicationTaskExecutor'
2021-07-01 21:33:10.242 INFO  o.s.b.d.autoconfigure.OptionalLiveReloadServer    :58   [32m        [0;39m LiveReload server is running on port 35729
2021-07-01 21:33:10.696 WARN  o.s.c.l.c.BlockingLoadBalancerClientAutoConfiguration$BlockingLoadBalancerClientRibbonWarnLogger:106  [32m        [0;39m You already have RibbonLoadBalancerClient on your classpath. It will be used by default. As Spring Cloud Ribbon is in maintenance mode. We recommend switching to BlockingLoadBalancerClient instead. In order to use it, set the value of `spring.cloud.loadbalancer.ribbon.enabled` to `false` or remove spring-cloud-starter-netflix-ribbon from your project.
2021-07-01 21:33:10.805 WARN  o.s.c.l.c.LoadBalancerCacheAutoConfiguration$LoadBalancerCaffeineWarnLogger:81   [32m        [0;39m Spring Cloud LoadBalancer is currently working with default default cache. You can switch to using Caffeine cache, by adding it to the classpath.
2021-07-01 21:33:11.096 INFO  o.s.cloud.netflix.eureka.InstanceInfoFactory      :72   [32m        [0;39m Setting initial instance status as: STARTING
2021-07-01 21:33:11.184 INFO  com.netflix.discovery.DiscoveryClient             :365  [32m        [0;39m Initializing Eureka in region us-east-1
2021-07-01 21:33:11.537 INFO  c.n.discovery.provider.DiscoveryJerseyProvider    :70   [32m        [0;39m Using JSON encoding codec LegacyJacksonJson
2021-07-01 21:33:11.540 INFO  c.n.discovery.provider.DiscoveryJerseyProvider    :71   [32m        [0;39m Using JSON decoding codec LegacyJacksonJson
2021-07-01 21:33:11.909 INFO  c.n.discovery.provider.DiscoveryJerseyProvider    :80   [32m        [0;39m Using XML encoding codec XStreamXml
2021-07-01 21:33:11.909 INFO  c.n.discovery.provider.DiscoveryJerseyProvider    :81   [32m        [0;39m Using XML decoding codec XStreamXml
2021-07-01 21:33:12.264 INFO  c.n.d.shared.resolver.aws.ConfigClusterResolver   :43   [32m        [0;39m Resolving eureka endpoints via configuration
2021-07-01 21:33:12.336 INFO  com.netflix.discovery.DiscoveryClient             :976  [32m        [0;39m Disable delta property : false
2021-07-01 21:33:12.341 INFO  com.netflix.discovery.DiscoveryClient             :977  [32m        [0;39m Single vip registry refresh property : null
2021-07-01 21:33:12.343 INFO  com.netflix.discovery.DiscoveryClient             :978  [32m        [0;39m Force full registry fetch : false
2021-07-01 21:33:12.345 INFO  com.netflix.discovery.DiscoveryClient             :979  [32m        [0;39m Application is null : false
2021-07-01 21:33:12.346 INFO  com.netflix.discovery.DiscoveryClient             :980  [32m        [0;39m Registered Applications size is zero : true
2021-07-01 21:33:12.346 INFO  com.netflix.discovery.DiscoveryClient             :982  [32m        [0;39m Application version is -1: true
2021-07-01 21:33:12.347 INFO  com.netflix.discovery.DiscoveryClient             :1065 [32m        [0;39m Getting all instance registry info from the eureka server
2021-07-01 21:33:12.543 INFO  com.netflix.discovery.DiscoveryClient             :1074 [32m        [0;39m The response status is 200
2021-07-01 21:33:12.546 INFO  com.netflix.discovery.DiscoveryClient             :1288 [32m        [0;39m Starting heartbeat executor: renew interval is: 30
2021-07-01 21:33:12.549 INFO  com.netflix.discovery.InstanceInfoReplicator      :60   [32m        [0;39m InstanceInfoReplicator onDemand update allowed rate per min is 4
2021-07-01 21:33:12.556 INFO  com.netflix.discovery.DiscoveryClient             :465  [32m        [0;39m Discovery Client initialized at timestamp 1625146392553 with initial instances count: 0
2021-07-01 21:33:12.558 INFO  o.s.c.n.e.serviceregistry.EurekaServiceRegistry   :41   [32m        [0;39m Registering application SYSTEM with eureka with status UP
2021-07-01 21:33:12.560 INFO  com.netflix.discovery.DiscoveryClient             :1323 [32m        [0;39m Saw local status change event StatusChangeEvent [timestamp=1625146392560, current=UP, previous=STARTING]
2021-07-01 21:33:12.567 INFO  com.netflix.discovery.DiscoveryClient             :844  [32m        [0;39m DiscoveryClient_SYSTEM/192.168.0.104:system:9001: registering service...
2021-07-01 21:33:12.587 INFO  org.apache.coyote.http11.Http11NioProtocol        :173  [32m        [0;39m Starting ProtocolHandler ["http-nio-9001"]
2021-07-01 21:33:13.118 INFO  o.s.boot.web.embedded.tomcat.TomcatWebServer      :204  [32m        [0;39m Tomcat started on port(s): 9001 (http) with context path ''
2021-07-01 21:33:13.123 INFO  com.netflix.discovery.DiscoveryClient             :853  [32m        [0;39m DiscoveryClient_SYSTEM/192.168.0.104:system:9001 - registration status: 204
2021-07-01 21:33:13.125 INFO  o.s.c.n.e.s.EurekaAutoServiceRegistration         :145  [32m        [0;39m Updating port to 9001
2021-07-01 21:33:13.149 INFO  com.hjc.system.SystemApplication                  :61   [32m        [0;39m Started SystemApplication in 24.635 seconds (JVM running for 31.53)
2021-07-01 21:33:13.152 INFO  com.hjc.system.SystemApplication                  :19   [32m        [0;39m 启动成功！！
2021-07-01 21:33:13.155 INFO  com.hjc.system.SystemApplication                  :20   [32m        [0;39m System地址: 	http://127.0.0.1:9001
2021-07-01 21:33:42.548 INFO  com.netflix.discovery.DiscoveryClient             :976  [32m        [0;39m Disable delta property : false
2021-07-01 21:33:42.548 INFO  com.netflix.discovery.DiscoveryClient             :977  [32m        [0;39m Single vip registry refresh property : null
2021-07-01 21:33:42.548 INFO  com.netflix.discovery.DiscoveryClient             :978  [32m        [0;39m Force full registry fetch : false
2021-07-01 21:33:42.549 INFO  com.netflix.discovery.DiscoveryClient             :979  [32m        [0;39m Application is null : false
2021-07-01 21:33:42.549 INFO  com.netflix.discovery.DiscoveryClient             :980  [32m        [0;39m Registered Applications size is zero : true
2021-07-01 21:33:42.549 INFO  com.netflix.discovery.DiscoveryClient             :982  [32m        [0;39m Application version is -1: false
2021-07-01 21:33:42.549 INFO  com.netflix.discovery.DiscoveryClient             :1065 [32m        [0;39m Getting all instance registry info from the eureka server
2021-07-01 21:33:42.632 INFO  com.netflix.discovery.DiscoveryClient             :1074 [32m        [0;39m The response status is 200
2021-07-01 21:35:15.004 INFO  o.a.c.core.ContainerBase.[Tomcat].[localhost].[/] :173  [32m        [0;39m Initializing Spring DispatcherServlet 'dispatcherServlet'
2021-07-01 21:35:15.007 INFO  org.springframework.web.servlet.DispatcherServlet :525  [32m        [0;39m Initializing Servlet 'dispatcherServlet'
2021-07-01 21:35:15.030 INFO  org.springframework.web.servlet.DispatcherServlet :547  [32m        [0;39m Completed initialization in 23 ms
2021-07-01 21:36:44.133 INFO  o.s.c.n.e.serviceregistry.EurekaServiceRegistry   :65   [32m        [0;39m Unregistering application SYSTEM with eureka with status DOWN
2021-07-01 21:36:44.134 WARN  com.netflix.discovery.DiscoveryClient             :1321 [32m        [0;39m Saw local status change event StatusChangeEvent [timestamp=1625146604134, current=DOWN, previous=UP]
2021-07-01 21:36:44.136 INFO  com.netflix.discovery.DiscoveryClient             :844  [32m        [0;39m DiscoveryClient_SYSTEM/192.168.0.104:system:9001: registering service...
2021-07-01 21:36:44.153 INFO  com.netflix.discovery.DiscoveryClient             :853  [32m        [0;39m DiscoveryClient_SYSTEM/192.168.0.104:system:9001 - registration status: 204
2021-07-01 21:36:44.154 INFO  o.s.scheduling.concurrent.ThreadPoolTaskExecutor  :208  [32m        [0;39m Shutting down ExecutorService 'applicationTaskExecutor'
2021-07-01 21:36:44.160 INFO  com.netflix.discovery.DiscoveryClient             :906  [32m        [0;39m Shutting down DiscoveryClient ...
2021-07-01 21:36:47.169 INFO  com.netflix.discovery.DiscoveryClient             :940  [32m        [0;39m Unregistering ...
2021-07-01 21:36:47.179 INFO  com.netflix.discovery.DiscoveryClient             :942  [32m        [0;39m DiscoveryClient_SYSTEM/192.168.0.104:system:9001 - deregister  status: 200
2021-07-01 21:36:47.202 INFO  com.netflix.discovery.DiscoveryClient             :929  [32m        [0;39m Completed shut down of DiscoveryClient
2021-07-01 21:36:58.142 INFO  o.s.b.d.env.DevToolsPropertyDefaultsPostProcessor :225  [32m        [0;39m Devtools property defaults active! Set 'spring.devtools.add-properties' to 'false' to disable
2021-07-01 21:36:59.998 INFO  o.s.c.s.PostProcessorRegistrationDelegate$BeanPostProcessorChecker:330  [32m        [0;39m Bean 'org.springframework.cloud.autoconfigure.ConfigurationPropertiesRebinderAutoConfiguration' of type [org.springframework.cloud.autoconfigure.ConfigurationPropertiesRebinderAutoConfiguration] is not eligible for getting processed by all BeanPostProcessors (for example: not eligible for auto-proxying)
2021-07-01 21:37:00.787 INFO  com.hjc.system.SystemApplication                  :651  [32m        [0;39m No active profile set, falling back to default profiles: default
2021-07-01 21:37:03.425 INFO  o.springframework.cloud.context.scope.GenericScope:295  [32m        [0;39m BeanFactory id=2c2d4b72-ffc9-3338-b5d1-aebf6a8add31
2021-07-01 21:37:03.690 INFO  o.s.c.s.PostProcessorRegistrationDelegate$BeanPostProcessorChecker:330  [32m        [0;39m Bean 'org.springframework.cloud.autoconfigure.ConfigurationPropertiesRebinderAutoConfiguration' of type [org.springframework.cloud.autoconfigure.ConfigurationPropertiesRebinderAutoConfiguration] is not eligible for getting processed by all BeanPostProcessors (for example: not eligible for auto-proxying)
2021-07-01 21:37:04.621 INFO  o.s.boot.web.embedded.tomcat.TomcatWebServer      :92   [32m        [0;39m Tomcat initialized with port(s): 9001 (http)
2021-07-01 21:37:04.651 INFO  org.apache.coyote.http11.Http11NioProtocol        :173  [32m        [0;39m Initializing ProtocolHandler ["http-nio-9001"]
2021-07-01 21:37:04.653 INFO  org.apache.catalina.core.StandardService          :173  [32m        [0;39m Starting service [Tomcat]
2021-07-01 21:37:04.655 INFO  org.apache.catalina.core.StandardEngine           :173  [32m        [0;39m Starting Servlet engine: [Apache Tomcat/9.0.29]
2021-07-01 21:37:04.889 INFO  o.a.c.c.C.[Tomcat].[localhost].[/system]          :173  [32m        [0;39m Initializing Spring embedded WebApplicationContext
2021-07-01 21:37:04.891 INFO  org.springframework.web.context.ContextLoader     :284  [32m        [0;39m Root WebApplicationContext: initialization completed in 4023 ms
2021-07-01 21:37:05.072 WARN  com.netflix.config.sources.URLConfigurationSource :121  [32m        [0;39m No URLs will be polled as dynamic configuration sources.
2021-07-01 21:37:05.073 INFO  com.netflix.config.sources.URLConfigurationSource :122  [32m        [0;39m To enable URLs as dynamic configuration sources, define System property archaius.configurationSource.additionalUrls or make config.properties available on classpath.
2021-07-01 21:37:05.085 WARN  com.netflix.config.sources.URLConfigurationSource :121  [32m        [0;39m No URLs will be polled as dynamic configuration sources.
2021-07-01 21:37:05.086 INFO  com.netflix.config.sources.URLConfigurationSource :122  [32m        [0;39m To enable URLs as dynamic configuration sources, define System property archaius.configurationSource.additionalUrls or make config.properties available on classpath.
2021-07-01 21:37:05.495 INFO  o.s.scheduling.concurrent.ThreadPoolTaskExecutor  :171  [32m        [0;39m Initializing ExecutorService 'applicationTaskExecutor'
2021-07-01 21:37:06.370 INFO  o.s.b.d.autoconfigure.OptionalLiveReloadServer    :58   [32m        [0;39m LiveReload server is running on port 35729
2021-07-01 21:37:06.805 WARN  o.s.c.l.c.BlockingLoadBalancerClientAutoConfiguration$BlockingLoadBalancerClientRibbonWarnLogger:106  [32m        [0;39m You already have RibbonLoadBalancerClient on your classpath. It will be used by default. As Spring Cloud Ribbon is in maintenance mode. We recommend switching to BlockingLoadBalancerClient instead. In order to use it, set the value of `spring.cloud.loadbalancer.ribbon.enabled` to `false` or remove spring-cloud-starter-netflix-ribbon from your project.
2021-07-01 21:37:07.136 WARN  o.s.c.l.c.LoadBalancerCacheAutoConfiguration$LoadBalancerCaffeineWarnLogger:81   [32m        [0;39m Spring Cloud LoadBalancer is currently working with default default cache. You can switch to using Caffeine cache, by adding it to the classpath.
2021-07-01 21:37:07.914 INFO  o.s.cloud.netflix.eureka.InstanceInfoFactory      :72   [32m        [0;39m Setting initial instance status as: STARTING
2021-07-01 21:37:08.098 INFO  com.netflix.discovery.DiscoveryClient             :365  [32m        [0;39m Initializing Eureka in region us-east-1
2021-07-01 21:37:08.430 INFO  c.n.discovery.provider.DiscoveryJerseyProvider    :70   [32m        [0;39m Using JSON encoding codec LegacyJacksonJson
2021-07-01 21:37:08.430 INFO  c.n.discovery.provider.DiscoveryJerseyProvider    :71   [32m        [0;39m Using JSON decoding codec LegacyJacksonJson
2021-07-01 21:37:08.573 INFO  c.n.discovery.provider.DiscoveryJerseyProvider    :80   [32m        [0;39m Using XML encoding codec XStreamXml
2021-07-01 21:37:08.573 INFO  c.n.discovery.provider.DiscoveryJerseyProvider    :81   [32m        [0;39m Using XML decoding codec XStreamXml
2021-07-01 21:37:09.178 INFO  c.n.d.shared.resolver.aws.ConfigClusterResolver   :43   [32m        [0;39m Resolving eureka endpoints via configuration
2021-07-01 21:37:09.252 INFO  com.netflix.discovery.DiscoveryClient             :976  [32m        [0;39m Disable delta property : false
2021-07-01 21:37:09.253 INFO  com.netflix.discovery.DiscoveryClient             :977  [32m        [0;39m Single vip registry refresh property : null
2021-07-01 21:37:09.254 INFO  com.netflix.discovery.DiscoveryClient             :978  [32m        [0;39m Force full registry fetch : false
2021-07-01 21:37:09.255 INFO  com.netflix.discovery.DiscoveryClient             :979  [32m        [0;39m Application is null : false
2021-07-01 21:37:09.255 INFO  com.netflix.discovery.DiscoveryClient             :980  [32m        [0;39m Registered Applications size is zero : true
2021-07-01 21:37:09.256 INFO  com.netflix.discovery.DiscoveryClient             :982  [32m        [0;39m Application version is -1: true
2021-07-01 21:37:09.256 INFO  com.netflix.discovery.DiscoveryClient             :1065 [32m        [0;39m Getting all instance registry info from the eureka server
2021-07-01 21:37:09.681 INFO  com.netflix.discovery.DiscoveryClient             :1074 [32m        [0;39m The response status is 200
2021-07-01 21:37:09.686 INFO  com.netflix.discovery.DiscoveryClient             :1288 [32m        [0;39m Starting heartbeat executor: renew interval is: 30
2021-07-01 21:37:09.692 INFO  com.netflix.discovery.InstanceInfoReplicator      :60   [32m        [0;39m InstanceInfoReplicator onDemand update allowed rate per min is 4
2021-07-01 21:37:09.697 INFO  com.netflix.discovery.DiscoveryClient             :465  [32m        [0;39m Discovery Client initialized at timestamp 1625146629696 with initial instances count: 1
2021-07-01 21:37:09.699 INFO  o.s.c.n.e.serviceregistry.EurekaServiceRegistry   :41   [32m        [0;39m Registering application SYSTEM with eureka with status UP
2021-07-01 21:37:09.700 INFO  com.netflix.discovery.DiscoveryClient             :1323 [32m        [0;39m Saw local status change event StatusChangeEvent [timestamp=1625146629700, current=UP, previous=STARTING]
2021-07-01 21:37:09.709 INFO  com.netflix.discovery.DiscoveryClient             :844  [32m        [0;39m DiscoveryClient_SYSTEM/192.168.0.104:system:9001: registering service...
2021-07-01 21:37:09.751 INFO  org.apache.coyote.http11.Http11NioProtocol        :173  [32m        [0;39m Starting ProtocolHandler ["http-nio-9001"]
2021-07-01 21:37:09.825 INFO  com.netflix.discovery.DiscoveryClient             :853  [32m        [0;39m DiscoveryClient_SYSTEM/192.168.0.104:system:9001 - registration status: 204
2021-07-01 21:37:09.850 INFO  o.s.boot.web.embedded.tomcat.TomcatWebServer      :204  [32m        [0;39m Tomcat started on port(s): 9001 (http) with context path '/system'
2021-07-01 21:37:09.854 INFO  o.s.c.n.e.s.EurekaAutoServiceRegistration         :145  [32m        [0;39m Updating port to 9001
2021-07-01 21:37:09.860 INFO  com.hjc.system.SystemApplication                  :61   [32m        [0;39m Started SystemApplication in 14.167 seconds (JVM running for 18.223)
2021-07-01 21:37:09.866 INFO  com.hjc.system.SystemApplication                  :19   [32m        [0;39m 启动成功！！
2021-07-01 21:37:09.870 INFO  com.hjc.system.SystemApplication                  :20   [32m        [0;39m System地址: 	http://127.0.0.1:9001
2021-07-01 21:37:20.911 INFO  o.a.c.c.C.[Tomcat].[localhost].[/system]          :173  [32m        [0;39m Initializing Spring DispatcherServlet 'dispatcherServlet'
2021-07-01 21:37:20.912 INFO  org.springframework.web.servlet.DispatcherServlet :525  [32m        [0;39m Initializing Servlet 'dispatcherServlet'
2021-07-01 21:37:20.922 INFO  org.springframework.web.servlet.DispatcherServlet :547  [32m        [0;39m Completed initialization in 9 ms
2021-07-01 21:42:09.339 INFO  c.n.d.shared.resolver.aws.ConfigClusterResolver   :43   [32m        [0;39m Resolving eureka endpoints via configuration
2021-07-01 21:47:09.357 INFO  c.n.d.shared.resolver.aws.ConfigClusterResolver   :43   [32m        [0;39m Resolving eureka endpoints via configuration
2021-07-01 21:52:09.373 INFO  c.n.d.shared.resolver.aws.ConfigClusterResolver   :43   [32m        [0;39m Resolving eureka endpoints via configuration
2021-07-01 21:57:09.393 INFO  c.n.d.shared.resolver.aws.ConfigClusterResolver   :43   [32m        [0;39m Resolving eureka endpoints via configuration
2021-07-01 22:02:09.403 INFO  c.n.d.shared.resolver.aws.ConfigClusterResolver   :43   [32m        [0;39m Resolving eureka endpoints via configuration
2021-07-01 22:07:09.417 INFO  c.n.d.shared.resolver.aws.ConfigClusterResolver   :43   [32m        [0;39m Resolving eureka endpoints via configuration
2021-07-01 22:12:09.548 INFO  c.n.d.shared.resolver.aws.ConfigClusterResolver   :43   [32m        [0;39m Resolving eureka endpoints via configuration
2021-07-01 22:17:09.559 INFO  c.n.d.shared.resolver.aws.ConfigClusterResolver   :43   [32m        [0;39m Resolving eureka endpoints via configuration
2021-07-01 22:22:09.579 INFO  c.n.d.shared.resolver.aws.ConfigClusterResolver   :43   [32m        [0;39m Resolving eureka endpoints via configuration
2021-07-01 22:27:09.529 INFO  c.n.d.shared.resolver.aws.ConfigClusterResolver   :43   [32m        [0;39m Resolving eureka endpoints via configuration
2021-07-01 22:32:09.536 INFO  c.n.d.shared.resolver.aws.ConfigClusterResolver   :43   [32m        [0;39m Resolving eureka endpoints via configuration
2021-07-01 22:37:09.543 INFO  c.n.d.shared.resolver.aws.ConfigClusterResolver   :43   [32m        [0;39m Resolving eureka endpoints via configuration
2021-07-01 22:42:09.544 INFO  c.n.d.shared.resolver.aws.ConfigClusterResolver   :43   [32m        [0;39m Resolving eureka endpoints via configuration
2021-07-01 22:47:09.557 INFO  c.n.d.shared.resolver.aws.ConfigClusterResolver   :43   [32m        [0;39m Resolving eureka endpoints via configuration
2021-07-01 22:49:00.501 INFO  o.s.c.n.e.serviceregistry.EurekaServiceRegistry   :65   [32m        [0;39m Unregistering application SYSTEM with eureka with status DOWN
2021-07-01 22:49:00.502 WARN  com.netflix.discovery.DiscoveryClient             :1321 [32m        [0;39m Saw local status change event StatusChangeEvent [timestamp=1625150940502, current=DOWN, previous=UP]
2021-07-01 22:49:00.503 INFO  com.netflix.discovery.DiscoveryClient             :844  [32m        [0;39m DiscoveryClient_SYSTEM/192.168.0.104:system:9001: registering service...
2021-07-01 22:49:00.513 INFO  com.netflix.discovery.DiscoveryClient             :853  [32m        [0;39m DiscoveryClient_SYSTEM/192.168.0.104:system:9001 - registration status: 204
2021-07-01 22:49:00.518 INFO  o.s.scheduling.concurrent.ThreadPoolTaskExecutor  :208  [32m        [0;39m Shutting down ExecutorService 'applicationTaskExecutor'
2021-07-01 22:49:00.527 INFO  com.netflix.discovery.DiscoveryClient             :906  [32m        [0;39m Shutting down DiscoveryClient ...
